Сборка начата 22.12.2025 20:38:32.
Уровень детализации журнала: Normal.     1>Проект "C:\Users\User\Desktop\ОПИ\проект\gonki\gonki.vcxproj" в узле 2 (целевые объекты Build).
     1>PrepareForBuild:
         Структурированный вывод включен. Форматирование диагностики компилятора будет отражать иерархию ошибок. Подробнее см. https://aka.ms/cpp/structured-output.
       InitializeBuildStatus:
         Создание "gonki\x64\Debug\gonki.tlog\unsuccessfulbuild", так как было задано "AlwaysCreate".
         Обращение к "gonki\x64\Debug\gonki.tlog\unsuccessfulbuild".
       ClCompile:
         D:\visual studio\VC\Tools\MSVC\14.44.35207\bin\HostX64\x64\CL.exe /c /ZI /JMC /nologo /W3 /WX- /diagnostics:column /sdl /Od /D _DEBUG /D _CONSOLE /D _UNICODE /D UNICODE /Gm- /EHsc /RTC1 /MDd /GS /fp:precise /Zc:wchar_t /Zc:forScope /Zc:inline /permissive- /Fo"gonki\x64\Debug\\" /Fd"gonki\x64\Debug\vc143.pdb" /external:W3 /Gd /TP /FC /errorReport:prompt gonki.cpp
         gonki.cpp
     1>C:\Users\User\Desktop\ОПИ\проект\gonki\gonki.cpp(20,12): warning C4244: аргумент: преобразование "time_t" в "unsigned int", возможна потеря данных
       Link:
         D:\visual studio\VC\Tools\MSVC\14.44.35207\bin\HostX64\x64\link.exe /ERRORREPORT:PROMPT /OUT:"C:\Users\User\Desktop\ОПИ\проект\gonki\x64\Debug\gonki.exe" /INCREMENTAL /ILK:"gonki\x64\Debug\gonki.ilk" /NOLOGO kernel32.lib user32.lib gdi32.lib winspool.lib comdlg32.lib advapi32.lib shell32.lib ole32.lib oleaut32.lib uuid.lib odbc32.lib odbccp32.lib /MANIFEST /MANIFESTUAC:"level='asInvoker' uiAccess='false'" /manifest:embed /DEBUG /PDB:"C:\Users\User\Desktop\ОПИ\проект\gonki\x64\Debug\gonki.pdb" /SUBSYSTEM:CONSOLE /TLBID:1 /DYNAMICBASE /NXCOMPAT /IMPLIB:"C:\Users\User\Desktop\ОПИ\проект\gonki\x64\Debug\gonki.lib" /MACHINE:X64 gonki\x64\Debug\gonki.obj
         gonki.vcxproj -> C:\Users\User\Desktop\ОПИ\проект\gonki\x64\Debug\gonki.exe
       FinalizeBuildStatus:
         Файл "gonki\x64\Debug\gonki.tlog\unsuccessfulbuild" удаляется.
         Обращение к "gonki\x64\Debug\gonki.tlog\gonki.lastbuildstate".
     1>Сборка проекта "C:\Users\User\Desktop\ОПИ\проект\gonki\gonki.vcxproj" завершена (целевые объекты Build).

Сборка успешно завершена.

       "C:\Users\User\Desktop\ОПИ\проект\gonki\gonki.vcxproj" (целевой объект Build ) (1) ->
       (Целевой объект ClCompile) -> 
         C:\Users\User\Desktop\ОПИ\проект\gonki\gonki.cpp(20,12): warning C4244: аргумент: преобразование "time_t" в "unsigned int", возможна потеря данных

    Предупреждений: 1
    Ошибок: 0

Прошло времени 00:00:01.11
