Сборка начата 23.12.2025 22:23:13.
Уровень детализации журнала: Normal.     1>Проект "C:\Программирование\ОПИ\Лабораторные\tic - taccc\Mini-games-lab_12-\tic-tac-game\tic-tac-game.vcxproj" в узле 2 (целевые объекты Build).
     1>PrepareForBuild:
         Структурированный вывод включен. Форматирование диагностики компилятора будет отражать иерархию ошибок. Подробнее см. https://aka.ms/cpp/structured-output.
       InitializeBuildStatus:
         Создание "tic-tac-game\x64\Debug\tic-tac-game.tlog\unsuccessfulbuild", так как было задано "AlwaysCreate".
         Обращение к "tic-tac-game\x64\Debug\tic-tac-game.tlog\unsuccessfulbuild".
       ClCompile:
         C:\Program Files\Microsoft Visual Studio\2022\Community\VC\Tools\MSVC\14.44.35207\bin\HostX64\x64\CL.exe /c /ZI /JMC /nologo /W3 /WX- /diagnostics:column /sdl /Od /D _DEBUG /D _CONSOLE /D _UNICODE /D UNICODE /Gm- /EHsc /RTC1 /MDd /GS /fp:precise /Zc:wchar_t /Zc:forScope /Zc:inline /permissive- /Fo"tic-tac-game\x64\Debug\\" /Fd"tic-tac-game\x64\Debug\vc143.pdb" /external:W3 /Gd /TP /FC /errorReport:prompt "tic-tac-game.cpp"
         tic-tac-game.cpp
       Link:
         C:\Program Files\Microsoft Visual Studio\2022\Community\VC\Tools\MSVC\14.44.35207\bin\HostX64\x64\link.exe /ERRORREPORT:PROMPT /OUT:"C:\Программирование\ОПИ\Лабораторные\tic - taccc\Mini-games-lab_12-\tic-tac-game\x64\Debug\tic-tac-game.exe" /INCREMENTAL /ILK:"tic-tac-game\x64\Debug\tic-tac-game.ilk" /NOLOGO kernel32.lib user32.lib gdi32.lib winspool.lib comdlg32.lib advapi32.lib shell32.lib ole32.lib oleaut32.lib uuid.lib odbc32.lib odbccp32.lib /MANIFEST /MANIFESTUAC:"level='asInvoker' uiAccess='false'" /manifest:embed /DEBUG /PDB:"C:\Программирование\ОПИ\Лабораторные\tic - taccc\Mini-games-lab_12-\tic-tac-game\x64\Debug\tic-tac-game.pdb" /SUBSYSTEM:CONSOLE /TLBID:1 /DYNAMICBASE /NXCOMPAT /IMPLIB:"C:\Программирование\ОПИ\Лабораторные\tic - taccc\Mini-games-lab_12-\tic-tac-game\x64\Debug\tic-tac-game.lib" /MACHINE:X64 "tic-tac-game\x64\Debug\tic-tac-game.obj"
         tic-tac-game.vcxproj -> C:\Программирование\ОПИ\Лабораторные\tic - taccc\Mini-games-lab_12-\tic-tac-game\x64\Debug\tic-tac-game.exe
       FinalizeBuildStatus:
         Файл "tic-tac-game\x64\Debug\tic-tac-game.tlog\unsuccessfulbuild" удаляется.
         Обращение к "tic-tac-game\x64\Debug\tic-tac-game.tlog\tic-tac-game.lastbuildstate".
     1>Сборка проекта "C:\Программирование\ОПИ\Лабораторные\tic - taccc\Mini-games-lab_12-\tic-tac-game\tic-tac-game.vcxproj" завершена (целевые объекты Build).

Сборка успешно завершена.
    Предупреждений: 0
    Ошибок: 0

Прошло времени 00:00:00.90
